<?xml version="1.0" encoding="UTF-8"?>
<testsuite name="Automatizacion registro formulario uTest" tests="1" skipped="0" failures="0" errors="0" timestamp="2022-08-09T02:39:19" hostname="DESKTOP-KEV6QGR" time="33.245">
  <properties/>
  <testcase name="Resgistro exitoso cuenta pagina utest" classname="Automatizacion registro formulario uTest" time="33.245"/>
  <system-out><![CDATA[]]></system-out>
  <system-err><![CDATA[[Test worker] WARN net.thucydides.core.steps.BaseStepListener - stepStarted: net.thucydides.core.steps.ExecutedStepDescription@5270abd3
[Test worker] WARN net.thucydides.core.steps.BaseStepListener - stepStarted: net.thucydides.core.steps.ExecutedStepDescription@646e5661
[Test worker] WARN net.thucydides.core.steps.BaseStepListener - stepStarted: net.thucydides.core.steps.ExecutedStepDescription@17a4e5f3
Aug 08, 2022 9:39:20 PM org.openqa.selenium.remote.DesiredCapabilities chrome
INFO: Using `new ChromeOptions()` is preferred to `DesiredCapabilities.chrome()`
[Test worker] INFO net.serenitybdd.core.webdriver.driverproviders.ProvideNewDriver - Instantiating driver
[Test worker] INFO net.serenitybdd.core.webdriver.driverproviders.ProvideNewDriver - Driver capabilities: Capabilities {acceptInsecureCerts: false, browserName: chrome, chrome.switches: --start-maximized, goog:chromeOptions: {args: [--start-maximized], extensions: []}, loggingPrefs: org.openqa.selenium.logging..., platform: ANY, version: }
Starting ChromeDriver 2.39.562718 (9a2698cba08cf5a471a29d30c8b3e12becabb0e9) on port 23971
Only local connections are allowed.
[1660012765.153][WARNING]: Timed out connecting to Chrome, retrying...
Aug 08, 2022 9:39:27 PM org.openqa.selenium.remote.ProtocolHandshake createSession
INFO: Detected dialect: OSS
[Test worker] WARN net.thucydides.core.steps.BaseStepListener - stepFinished: current outcome:Resgistro exitoso cuenta pagina utest:Dado que Carlos quiere ingresar a la pagina de utest [Carlos abrir pagina [Carlos opens the Pagina ppal utest]]
[Test worker] WARN net.thucydides.core.steps.BaseStepListener - stepFinished: current outcome:Resgistro exitoso cuenta pagina utest:Dado que Carlos quiere ingresar a la pagina de utest [Carlos abrir pagina [Carlos opens the Pagina ppal utest]]
[Test worker] WARN net.thucydides.core.steps.BaseStepListener - stepFinished: current outcome:Resgistro exitoso cuenta pagina utest:Dado que Carlos quiere ingresar a la pagina de utest [Carlos abrir pagina [Carlos opens the Pagina ppal utest]]
[Test worker] WARN net.thucydides.core.steps.BaseStepListener - stepStarted: net.thucydides.core.steps.ExecutedStepDescription@e1a2522
[Test worker] WARN net.thucydides.core.steps.BaseStepListener - stepStarted: net.thucydides.core.steps.ExecutedStepDescription@1b92a655
[Test worker] WARN net.thucydides.core.steps.BaseStepListener - stepStarted: net.thucydides.core.steps.ExecutedStepDescription@259b65cf
[Test worker] WARN net.thucydides.core.steps.BaseStepListener - stepFinished: current outcome:Resgistro exitoso cuenta pagina utest:Dado que Carlos quiere ingresar a la pagina de utest [Carlos abrir pagina [Carlos opens the Pagina ppal utest]], Cuando el realiza el registro de sus datos para crear una cuenta [Carlos registrar usuario [Carlos clicks on Click boton Sing up]]
[Test worker] WARN net.thucydides.core.steps.BaseStepListener - stepStarted: net.thucydides.core.steps.ExecutedStepDescription@1346b35f
[Test worker] WARN net.thucydides.core.steps.BaseStepListener - stepFinished: current outcome:Resgistro exitoso cuenta pagina utest:Dado que Carlos quiere ingresar a la pagina de utest [Carlos abrir pagina [Carlos opens the Pagina ppal utest]], Cuando el realiza el registro de sus datos para crear una cuenta [Carlos registrar usuario [Carlos clicks on Click boton Sing up, Carlos enters 'Carlos Alberto' into Ingresar nombre]]
[Test worker] WARN net.thucydides.core.steps.BaseStepListener - stepStarted: net.thucydides.core.steps.ExecutedStepDescription@3e683e2d
[Test worker] WARN net.thucydides.core.steps.BaseStepListener - stepFinished: current outcome:Resgistro exitoso cuenta pagina utest:Dado que Carlos quiere ingresar a la pagina de utest [Carlos abrir pagina [Carlos opens the Pagina ppal utest]], Cuando el realiza el registro de sus datos para crear una cuenta [Carlos registrar usuario [Carlos clicks on Click boton Sing up, Carlos enters 'Carlos Alberto' into Ingresar nombre, Carlos enters 'Lopez Muriel' into Ingresar apellido]]
[Test worker] WARN net.thucydides.core.steps.BaseStepListener - stepStarted: net.thucydides.core.steps.ExecutedStepDescription@38b578ed
[Test worker] WARN net.thucydides.core.steps.BaseStepListener - stepFinished: current outcome:Resgistro exitoso cuenta pagina utest:Dado que Carlos quiere ingresar a la pagina de utest [Carlos abrir pagina [Carlos opens the Pagina ppal utest]], Cuando el realiza el registro de sus datos para crear una cuenta [Carlos registrar usuario [Carlos clicks on Click boton Sing up, Carlos enters 'Carlos Alberto' into Ingresar nombre, Carlos enters 'Lopez Muriel' into Ingresar apellido, Carlos enters 'carlos6171@gmail.com' into Ingresar nombre]]
[Test worker] WARN net.thucydides.core.steps.BaseStepListener - stepStarted: net.thucydides.core.steps.ExecutedStepDescription@2f91eab4
[Test worker] WARN net.thucydides.core.steps.BaseStepListener - stepFinished: current outcome:Resgistro exitoso cuenta pagina utest:Dado que Carlos quiere ingresar a la pagina de utest [Carlos abrir pagina [Carlos opens the Pagina ppal utest]], Cuando el realiza el registro de sus datos para crear una cuenta [Carlos registrar usuario [Carlos clicks on Click boton Sing up, Carlos enters 'Carlos Alberto' into Ingresar nombre, Carlos enters 'Lopez Muriel' into Ingresar apellido, Carlos enters 'carlos6171@gmail.com' into Ingresar nombre, Carlos select July on Seleccionar mes de nacimiento]]
[Test worker] WARN net.thucydides.core.steps.BaseStepListener - stepStarted: net.thucydides.core.steps.ExecutedStepDescription@53ec149b
[Test worker] WARN net.thucydides.core.steps.BaseStepListener - stepFinished: current outcome:Resgistro exitoso cuenta pagina utest:Dado que Carlos quiere ingresar a la pagina de utest [Carlos abrir pagina [Carlos opens the Pagina ppal utest]], Cuando el realiza el registro de sus datos para crear una cuenta [Carlos registrar usuario [Carlos clicks on Click boton Sing up, Carlos enters 'Carlos Alberto' into Ingresar nombre, Carlos enters 'Lopez Muriel' into Ingresar apellido, Carlos enters 'carlos6171@gmail.com' into Ingresar nombre, Carlos select July on Seleccionar mes de nacimiento, Carlos select 26 on Seleccionar dia de nacimiento]]
[Test worker] WARN net.thucydides.core.steps.BaseStepListener - stepStarted: net.thucydides.core.steps.ExecutedStepDescription@4b275cf5
[Test worker] WARN net.thucydides.core.steps.BaseStepListener - stepFinished: current outcome:Resgistro exitoso cuenta pagina utest:Dado que Carlos quiere ingresar a la pagina de utest [Carlos abrir pagina [Carlos opens the Pagina ppal utest]], Cuando el realiza el registro de sus datos para crear una cuenta [Carlos registrar usuario [Carlos clicks on Click boton Sing up, Carlos enters 'Carlos Alberto' into Ingresar nombre, Carlos enters 'Lopez Muriel' into Ingresar apellido, Carlos enters 'carlos6171@gmail.com' into Ingresar nombre, Carlos select July on Seleccionar mes de nacimiento, Carlos select 26 on Seleccionar dia de nacimiento, Carlos select 1984 on Seleccionar anio de nacimiento]]
[Test worker] WARN net.thucydides.core.steps.BaseStepListener - stepStarted: net.thucydides.core.steps.ExecutedStepDescription@7df9e24d
[Test worker] WARN net.thucydides.core.steps.BaseStepListener - stepFinished: current outcome:Resgistro exitoso cuenta pagina utest:Dado que Carlos quiere ingresar a la pagina de utest [Carlos abrir pagina [Carlos opens the Pagina ppal utest]], Cuando el realiza el registro de sus datos para crear una cuenta [Carlos registrar usuario [Carlos clicks on Click boton Sing up, Carlos enters 'Carlos Alberto' into Ingresar nombre, Carlos enters 'Lopez Muriel' into Ingresar apellido, Carlos enters 'carlos6171@gmail.com' into Ingresar nombre, Carlos select July on Seleccionar mes de nacimiento, Carlos select 26 on Seleccionar dia de nacimiento, Carlos select 1984 on Seleccionar anio de nacimiento, Carlos clicks on Dar click boton Next location]]
[Test worker] WARN net.thucydides.core.steps.BaseStepListener - stepFinished: current outcome:Resgistro exitoso cuenta pagina utest:Dado que Carlos quiere ingresar a la pagina de utest [Carlos abrir pagina [Carlos opens the Pagina ppal utest]], Cuando el realiza el registro de sus datos para crear una cuenta [Carlos registrar usuario [Carlos clicks on Click boton Sing up, Carlos enters 'Carlos Alberto' into Ingresar nombre, Carlos enters 'Lopez Muriel' into Ingresar apellido, Carlos enters 'carlos6171@gmail.com' into Ingresar nombre, Carlos select July on Seleccionar mes de nacimiento, Carlos select 26 on Seleccionar dia de nacimiento, Carlos select 1984 on Seleccionar anio de nacimiento, Carlos clicks on Dar click boton Next location]]
[Test worker] WARN net.thucydides.core.steps.BaseStepListener - stepStarted: net.thucydides.core.steps.ExecutedStepDescription@21f4d5c7
[Test worker] WARN net.thucydides.core.steps.BaseStepListener - stepStarted: net.thucydides.core.steps.ExecutedStepDescription@3fe3d41d
[Test worker] WARN net.thucydides.core.steps.BaseStepListener - stepFinished: current outcome:Resgistro exitoso cuenta pagina utest:Dado que Carlos quiere ingresar a la pagina de utest [Carlos abrir pagina [Carlos opens the Pagina ppal utest]], Cuando el realiza el registro de sus datos para crear una cuenta [Carlos registrar usuario [Carlos clicks on Click boton Sing up, Carlos enters 'Carlos Alberto' into Ingresar nombre, Carlos enters 'Lopez Muriel' into Ingresar apellido, Carlos enters 'carlos6171@gmail.com' into Ingresar nombre, Carlos select July on Seleccionar mes de nacimiento, Carlos select 26 on Seleccionar dia de nacimiento, Carlos select 1984 on Seleccionar anio de nacimiento, Carlos clicks on Dar click boton Next location], Carlos registrar direccion [Carlos enters 'Medellin' into Ingresar ciudad]]
[Test worker] WARN net.thucydides.core.steps.BaseStepListener - stepStarted: net.thucydides.core.steps.ExecutedStepDescription@12250a99
[Test worker] WARN net.thucydides.core.steps.BaseStepListener - stepFinished: current outcome:Resgistro exitoso cuenta pagina utest:Dado que Carlos quiere ingresar a la pagina de utest [Carlos abrir pagina [Carlos opens the Pagina ppal utest]], Cuando el realiza el registro de sus datos para crear una cuenta [Carlos registrar usuario [Carlos clicks on Click boton Sing up, Carlos enters 'Carlos Alberto' into Ingresar nombre, Carlos enters 'Lopez Muriel' into Ingresar apellido, Carlos enters 'carlos6171@gmail.com' into Ingresar nombre, Carlos select July on Seleccionar mes de nacimiento, Carlos select 26 on Seleccionar dia de nacimiento, Carlos select 1984 on Seleccionar anio de nacimiento, Carlos clicks on Dar click boton Next location], Carlos registrar direccion [Carlos enters 'Medellin' into Ingresar ciudad, Carlos types 'ARROW_DOWN' in Ingresar ciudad]]
[Test worker] WARN net.thucydides.core.steps.BaseStepListener - stepStarted: net.thucydides.core.steps.ExecutedStepDescription@41c37322
[Test worker] WARN net.thucydides.core.steps.BaseStepListener - stepFinished: current outcome:Resgistro exitoso cuenta pagina utest:Dado que Carlos quiere ingresar a la pagina de utest [Carlos abrir pagina [Carlos opens the Pagina ppal utest]], Cuando el realiza el registro de sus datos para crear una cuenta [Carlos registrar usuario [Carlos clicks on Click boton Sing up, Carlos enters 'Carlos Alberto' into Ingresar nombre, Carlos enters 'Lopez Muriel' into Ingresar apellido, Carlos enters 'carlos6171@gmail.com' into Ingresar nombre, Carlos select July on Seleccionar mes de nacimiento, Carlos select 26 on Seleccionar dia de nacimiento, Carlos select 1984 on Seleccionar anio de nacimiento, Carlos clicks on Dar click boton Next location], Carlos registrar direccion [Carlos enters 'Medellin' into Ingresar ciudad, Carlos types 'ARROW_DOWN' in Ingresar ciudad, Carlos types 'ENTER' in Ingresar ciudad]]
[Test worker] WARN net.thucydides.core.steps.BaseStepListener - stepStarted: net.thucydides.core.steps.ExecutedStepDescription@69771c07
[Test worker] WARN net.thucydides.core.steps.BaseStepListener - stepFinished: current outcome:Resgistro exitoso cuenta pagina utest:Dado que Carlos quiere ingresar a la pagina de utest [Carlos abrir pagina [Carlos opens the Pagina ppal utest]], Cuando el realiza el registro de sus datos para crear una cuenta [Carlos registrar usuario [Carlos clicks on Click boton Sing up, Carlos enters 'Carlos Alberto' into Ingresar nombre, Carlos enters 'Lopez Muriel' into Ingresar apellido, Carlos enters 'carlos6171@gmail.com' into Ingresar nombre, Carlos select July on Seleccionar mes de nacimiento, Carlos select 26 on Seleccionar dia de nacimiento, Carlos select 1984 on Seleccionar anio de nacimiento, Carlos clicks on Dar click boton Next location], Carlos registrar direccion [Carlos enters 'Medellin' into Ingresar ciudad, Carlos types 'ARROW_DOWN' in Ingresar ciudad, Carlos types 'ENTER' in Ingresar ciudad, Carlos enters '055413' into Ingresar codigo postal]]
[Test worker] WARN net.thucydides.core.steps.BaseStepListener - stepStarted: net.thucydides.core.steps.ExecutedStepDescription@4aff5db7
[Test worker] WARN net.thucydides.core.steps.BaseStepListener - stepFinished: current outcome:Resgistro exitoso cuenta pagina utest:Dado que Carlos quiere ingresar a la pagina de utest [Carlos abrir pagina [Carlos opens the Pagina ppal utest]], Cuando el realiza el registro de sus datos para crear una cuenta [Carlos registrar usuario [Carlos clicks on Click boton Sing up, Carlos enters 'Carlos Alberto' into Ingresar nombre, Carlos enters 'Lopez Muriel' into Ingresar apellido, Carlos enters 'carlos6171@gmail.com' into Ingresar nombre, Carlos select July on Seleccionar mes de nacimiento, Carlos select 26 on Seleccionar dia de nacimiento, Carlos select 1984 on Seleccionar anio de nacimiento, Carlos clicks on Dar click boton Next location], Carlos registrar direccion [Carlos enters 'Medellin' into Ingresar ciudad, Carlos types 'ARROW_DOWN' in Ingresar ciudad, Carlos types 'ENTER' in Ingresar ciudad, Carlos enters '055413' into Ingresar codigo postal, Carlos clicks on Dar Click contenedor pais]]
[Test worker] WARN net.thucydides.core.steps.BaseStepListener - stepStarted: net.thucydides.core.steps.ExecutedStepDescription@1f9e8703
[Test worker] WARN net.thucydides.core.steps.BaseStepListener - stepFinished: current outcome:Resgistro exitoso cuenta pagina utest:Dado que Carlos quiere ingresar a la pagina de utest [Carlos abrir pagina [Carlos opens the Pagina ppal utest]], Cuando el realiza el registro de sus datos para crear una cuenta [Carlos registrar usuario [Carlos clicks on Click boton Sing up, Carlos enters 'Carlos Alberto' into Ingresar nombre, Carlos enters 'Lopez Muriel' into Ingresar apellido, Carlos enters 'carlos6171@gmail.com' into Ingresar nombre, Carlos select July on Seleccionar mes de nacimiento, Carlos select 26 on Seleccionar dia de nacimiento, Carlos select 1984 on Seleccionar anio de nacimiento, Carlos clicks on Dar click boton Next location], Carlos registrar direccion [Carlos enters 'Medellin' into Ingresar ciudad, Carlos types 'ARROW_DOWN' in Ingresar ciudad, Carlos types 'ENTER' in Ingresar ciudad, Carlos enters '055413' into Ingresar codigo postal, Carlos clicks on Dar Click contenedor pais, Carlos enters 'Colombia' into Seleccionar pais]]
[Test worker] WARN net.thucydides.core.steps.BaseStepListener - stepStarted: net.thucydides.core.steps.ExecutedStepDescription@119b0df4
[Test worker] WARN net.thucydides.core.steps.BaseStepListener - stepFinished: current outcome:Resgistro exitoso cuenta pagina utest:Dado que Carlos quiere ingresar a la pagina de utest [Carlos abrir pagina [Carlos opens the Pagina ppal utest]], Cuando el realiza el registro de sus datos para crear una cuenta [Carlos registrar usuario [Carlos clicks on Click boton Sing up, Carlos enters 'Carlos Alberto' into Ingresar nombre, Carlos enters 'Lopez Muriel' into Ingresar apellido, Carlos enters 'carlos6171@gmail.com' into Ingresar nombre, Carlos select July on Seleccionar mes de nacimiento, Carlos select 26 on Seleccionar dia de nacimiento, Carlos select 1984 on Seleccionar anio de nacimiento, Carlos clicks on Dar click boton Next location], Carlos registrar direccion [Carlos enters 'Medellin' into Ingresar ciudad, Carlos types 'ARROW_DOWN' in Ingresar ciudad, Carlos types 'ENTER' in Ingresar ciudad, Carlos enters '055413' into Ingresar codigo postal, Carlos clicks on Dar Click contenedor pais, Carlos enters 'Colombia' into Seleccionar pais, Carlos types 'ENTER' in Seleccionar pais]]
[Test worker] WARN net.thucydides.core.steps.BaseStepListener - stepStarted: net.thucydides.core.steps.ExecutedStepDescription@4d5c9813
[Test worker] WARN net.thucydides.core.steps.BaseStepListener - stepFinished: current outcome:Resgistro exitoso cuenta pagina utest:Dado que Carlos quiere ingresar a la pagina de utest [Carlos abrir pagina [Carlos opens the Pagina ppal utest]], Cuando el realiza el registro de sus datos para crear una cuenta [Carlos registrar usuario [Carlos clicks on Click boton Sing up, Carlos enters 'Carlos Alberto' into Ingresar nombre, Carlos enters 'Lopez Muriel' into Ingresar apellido, Carlos enters 'carlos6171@gmail.com' into Ingresar nombre, Carlos select July on Seleccionar mes de nacimiento, Carlos select 26 on Seleccionar dia de nacimiento, Carlos select 1984 on Seleccionar anio de nacimiento, Carlos clicks on Dar click boton Next location], Carlos registrar direccion [Carlos enters 'Medellin' into Ingresar ciudad, Carlos types 'ARROW_DOWN' in Ingresar ciudad, Carlos types 'ENTER' in Ingresar ciudad, Carlos enters '055413' into Ingresar codigo postal, Carlos clicks on Dar Click contenedor pais, Carlos enters 'Colombia' into Seleccionar pais, Carlos types 'ENTER' in Seleccionar pais, Carlos clicks on Dar click en el boton siguiente]]
[Test worker] WARN net.thucydides.core.steps.BaseStepListener - stepFinished: current outcome:Resgistro exitoso cuenta pagina utest:Dado que Carlos quiere ingresar a la pagina de utest [Carlos abrir pagina [Carlos opens the Pagina ppal utest]], Cuando el realiza el registro de sus datos para crear una cuenta [Carlos registrar usuario [Carlos clicks on Click boton Sing up, Carlos enters 'Carlos Alberto' into Ingresar nombre, Carlos enters 'Lopez Muriel' into Ingresar apellido, Carlos enters 'carlos6171@gmail.com' into Ingresar nombre, Carlos select July on Seleccionar mes de nacimiento, Carlos select 26 on Seleccionar dia de nacimiento, Carlos select 1984 on Seleccionar anio de nacimiento, Carlos clicks on Dar click boton Next location], Carlos registrar direccion [Carlos enters 'Medellin' into Ingresar ciudad, Carlos types 'ARROW_DOWN' in Ingresar ciudad, Carlos types 'ENTER' in Ingresar ciudad, Carlos enters '055413' into Ingresar codigo postal, Carlos clicks on Dar Click contenedor pais, Carlos enters 'Colombia' into Seleccionar pais, Carlos types 'ENTER' in Seleccionar pais, Carlos clicks on Dar click en el boton siguiente]]
[Test worker] WARN net.thucydides.core.steps.BaseStepListener - stepStarted: net.thucydides.core.steps.ExecutedStepDescription@722e2733
[Test worker] WARN net.thucydides.core.steps.BaseStepListener - stepStarted: net.thucydides.core.steps.ExecutedStepDescription@587f04bd
[Test worker] WARN net.thucydides.core.steps.BaseStepListener - stepFinished: current outcome:Resgistro exitoso cuenta pagina utest:Dado que Carlos quiere ingresar a la pagina de utest [Carlos abrir pagina [Carlos opens the Pagina ppal utest]], Cuando el realiza el registro de sus datos para crear una cuenta [Carlos registrar usuario [Carlos clicks on Click boton Sing up, Carlos enters 'Carlos Alberto' into Ingresar nombre, Carlos enters 'Lopez Muriel' into Ingresar apellido, Carlos enters 'carlos6171@gmail.com' into Ingresar nombre, Carlos select July on Seleccionar mes de nacimiento, Carlos select 26 on Seleccionar dia de nacimiento, Carlos select 1984 on Seleccionar anio de nacimiento, Carlos clicks on Dar click boton Next location], Carlos registrar direccion [Carlos enters 'Medellin' into Ingresar ciudad, Carlos types 'ARROW_DOWN' in Ingresar ciudad, Carlos types 'ENTER' in Ingresar ciudad, Carlos enters '055413' into Ingresar codigo postal, Carlos clicks on Dar Click contenedor pais, Carlos enters 'Colombia' into Seleccionar pais, Carlos types 'ENTER' in Seleccionar pais, Carlos clicks on Dar click en el boton siguiente], Carlos registrar dispositivos [Carlos clicks on Dar Click en seleccionar Dispositivo movil]]
[Test worker] WARN net.thucydides.core.steps.BaseStepListener - stepStarted: net.thucydides.core.steps.ExecutedStepDescription@124064cb
[Test worker] WARN net.thucydides.core.steps.BaseStepListener - stepFinished: current outcome:Resgistro exitoso cuenta pagina utest:Dado que Carlos quiere ingresar a la pagina de utest [Carlos abrir pagina [Carlos opens the Pagina ppal utest]], Cuando el realiza el registro de sus datos para crear una cuenta [Carlos registrar usuario [Carlos clicks on Click boton Sing up, Carlos enters 'Carlos Alberto' into Ingresar nombre, Carlos enters 'Lopez Muriel' into Ingresar apellido, Carlos enters 'carlos6171@gmail.com' into Ingresar nombre, Carlos select July on Seleccionar mes de nacimiento, Carlos select 26 on Seleccionar dia de nacimiento, Carlos select 1984 on Seleccionar anio de nacimiento, Carlos clicks on Dar click boton Next location], Carlos registrar direccion [Carlos enters 'Medellin' into Ingresar ciudad, Carlos types 'ARROW_DOWN' in Ingresar ciudad, Carlos types 'ENTER' in Ingresar ciudad, Carlos enters '055413' into Ingresar codigo postal, Carlos clicks on Dar Click contenedor pais, Carlos enters 'Colombia' into Seleccionar pais, Carlos types 'ENTER' in Seleccionar pais, Carlos clicks on Dar click en el boton siguiente], Carlos registrar dispositivos [Carlos clicks on Dar Click en seleccionar Dispositivo movil, Carlos enters 'Xiaomi' then hits ARROW_DOWN and ENTER into Ingresar dispositivo movil]]
[Test worker] WARN net.thucydides.core.steps.BaseStepListener - stepFinished: current outcome:Resgistro exitoso cuenta pagina utest:Dado que Carlos quiere ingresar a la pagina de utest [Carlos abrir pagina [Carlos opens the Pagina ppal utest]], Cuando el realiza el registro de sus datos para crear una cuenta [Carlos registrar usuario [Carlos clicks on Click boton Sing up, Carlos enters 'Carlos Alberto' into Ingresar nombre, Carlos enters 'Lopez Muriel' into Ingresar apellido, Carlos enters 'carlos6171@gmail.com' into Ingresar nombre, Carlos select July on Seleccionar mes de nacimiento, Carlos select 26 on Seleccionar dia de nacimiento, Carlos select 1984 on Seleccionar anio de nacimiento, Carlos clicks on Dar click boton Next location], Carlos registrar direccion [Carlos enters 'Medellin' into Ingresar ciudad, Carlos types 'ARROW_DOWN' in Ingresar ciudad, Carlos types 'ENTER' in Ingresar ciudad, Carlos enters '055413' into Ingresar codigo postal, Carlos clicks on Dar Click contenedor pais, Carlos enters 'Colombia' into Seleccionar pais, Carlos types 'ENTER' in Seleccionar pais, Carlos clicks on Dar click en el boton siguiente], Carlos registrar dispositivos [Carlos clicks on Dar Click en seleccionar Dispositivo movil, Carlos enters 'Xiaomi' then hits ARROW_DOWN and ENTER into Ingresar dispositivo movil]]
[Test worker] WARN net.thucydides.core.steps.BaseStepListener - stepFinished: current outcome:Resgistro exitoso cuenta pagina utest:Dado que Carlos quiere ingresar a la pagina de utest [Carlos abrir pagina [Carlos opens the Pagina ppal utest]], Cuando el realiza el registro de sus datos para crear una cuenta [Carlos registrar usuario [Carlos clicks on Click boton Sing up, Carlos enters 'Carlos Alberto' into Ingresar nombre, Carlos enters 'Lopez Muriel' into Ingresar apellido, Carlos enters 'carlos6171@gmail.com' into Ingresar nombre, Carlos select July on Seleccionar mes de nacimiento, Carlos select 26 on Seleccionar dia de nacimiento, Carlos select 1984 on Seleccionar anio de nacimiento, Carlos clicks on Dar click boton Next location], Carlos registrar direccion [Carlos enters 'Medellin' into Ingresar ciudad, Carlos types 'ARROW_DOWN' in Ingresar ciudad, Carlos types 'ENTER' in Ingresar ciudad, Carlos enters '055413' into Ingresar codigo postal, Carlos clicks on Dar Click contenedor pais, Carlos enters 'Colombia' into Seleccionar pais, Carlos types 'ENTER' in Seleccionar pais, Carlos clicks on Dar click en el boton siguiente], Carlos registrar dispositivos [Carlos clicks on Dar Click en seleccionar Dispositivo movil, Carlos enters 'Xiaomi' then hits ARROW_DOWN and ENTER into Ingresar dispositivo movil]]
[Test worker] WARN net.thucydides.core.steps.BaseStepListener - stepStarted: net.thucydides.core.steps.ExecutedStepDescription@150ad347
[Test worker] WARN net.thucydides.core.steps.BaseStepListener - stepFinished: current outcome:Resgistro exitoso cuenta pagina utest:Dado que Carlos quiere ingresar a la pagina de utest [Carlos abrir pagina [Carlos opens the Pagina ppal utest]], Cuando el realiza el registro de sus datos para crear una cuenta [Carlos registrar usuario [Carlos clicks on Click boton Sing up, Carlos enters 'Carlos Alberto' into Ingresar nombre, Carlos enters 'Lopez Muriel' into Ingresar apellido, Carlos enters 'carlos6171@gmail.com' into Ingresar nombre, Carlos select July on Seleccionar mes de nacimiento, Carlos select 26 on Seleccionar dia de nacimiento, Carlos select 1984 on Seleccionar anio de nacimiento, Carlos clicks on Dar click boton Next location], Carlos registrar direccion [Carlos enters 'Medellin' into Ingresar ciudad, Carlos types 'ARROW_DOWN' in Ingresar ciudad, Carlos types 'ENTER' in Ingresar ciudad, Carlos enters '055413' into Ingresar codigo postal, Carlos clicks on Dar Click contenedor pais, Carlos enters 'Colombia' into Seleccionar pais, Carlos types 'ENTER' in Seleccionar pais, Carlos clicks on Dar click en el boton siguiente], Carlos registrar dispositivos [Carlos clicks on Dar Click en seleccionar Dispositivo movil, Carlos enters 'Xiaomi' then hits ARROW_DOWN and ENTER into Ingresar dispositivo movil]], Entonces el verifica que el registro de la cuenta sea exitoso
[Test worker] WARN net.thucydides.core.steps.BaseStepListener - testFinished: Resgistro exitoso cuenta pagina utest:Dado que Carlos quiere ingresar a la pagina de utest [Carlos abrir pagina [Carlos opens the Pagina ppal utest]], Cuando el realiza el registro de sus datos para crear una cuenta [Carlos registrar usuario [Carlos clicks on Click boton Sing up, Carlos enters 'Carlos Alberto' into Ingresar nombre, Carlos enters 'Lopez Muriel' into Ingresar apellido, Carlos enters 'carlos6171@gmail.com' into Ingresar nombre, Carlos select July on Seleccionar mes de nacimiento, Carlos select 26 on Seleccionar dia de nacimiento, Carlos select 1984 on Seleccionar anio de nacimiento, Carlos clicks on Dar click boton Next location], Carlos registrar direccion [Carlos enters 'Medellin' into Ingresar ciudad, Carlos types 'ARROW_DOWN' in Ingresar ciudad, Carlos types 'ENTER' in Ingresar ciudad, Carlos enters '055413' into Ingresar codigo postal, Carlos clicks on Dar Click contenedor pais, Carlos enters 'Colombia' into Seleccionar pais, Carlos types 'ENTER' in Seleccionar pais, Carlos clicks on Dar click en el boton siguiente], Carlos registrar dispositivos [Carlos clicks on Dar Click en seleccionar Dispositivo movil, Carlos enters 'Xiaomi' then hits ARROW_DOWN and ENTER into Ingresar dispositivo movil]], Entonces el verifica que el registro de la cuenta sea exitoso
[Test worker] WARN net.thucydides.core.steps.BaseStepListener - TestOutcomes: [Resgistro exitoso cuenta pagina utest:Dado que Carlos quiere ingresar a la pagina de utest [Carlos abrir pagina [Carlos opens the Pagina ppal utest]], Cuando el realiza el registro de sus datos para crear una cuenta [Carlos registrar usuario [Carlos clicks on Click boton Sing up, Carlos enters 'Carlos Alberto' into Ingresar nombre, Carlos enters 'Lopez Muriel' into Ingresar apellido, Carlos enters 'carlos6171@gmail.com' into Ingresar nombre, Carlos select July on Seleccionar mes de nacimiento, Carlos select 26 on Seleccionar dia de nacimiento, Carlos select 1984 on Seleccionar anio de nacimiento, Carlos clicks on Dar click boton Next location], Carlos registrar direccion [Carlos enters 'Medellin' into Ingresar ciudad, Carlos types 'ARROW_DOWN' in Ingresar ciudad, Carlos types 'ENTER' in Ingresar ciudad, Carlos enters '055413' into Ingresar codigo postal, Carlos clicks on Dar Click contenedor pais, Carlos enters 'Colombia' into Seleccionar pais, Carlos types 'ENTER' in Seleccionar pais, Carlos clicks on Dar click en el boton siguiente], Carlos registrar dispositivos [Carlos clicks on Dar Click en seleccionar Dispositivo movil, Carlos enters 'Xiaomi' then hits ARROW_DOWN and ENTER into Ingresar dispositivo movil]], Entonces el verifica que el registro de la cuenta sea exitoso]
[Test worker] WARN net.thucydides.core.steps.BaseStepListener - Final testOutcomes: [Resgistro exitoso cuenta pagina utest:Dado que Carlos quiere ingresar a la pagina de utest [Carlos abrir pagina [Carlos opens the Pagina ppal utest]], Cuando el realiza el registro de sus datos para crear una cuenta [Carlos registrar usuario [Carlos clicks on Click boton Sing up, Carlos enters 'Carlos Alberto' into Ingresar nombre, Carlos enters 'Lopez Muriel' into Ingresar apellido, Carlos enters 'carlos6171@gmail.com' into Ingresar nombre, Carlos select July on Seleccionar mes de nacimiento, Carlos select 26 on Seleccionar dia de nacimiento, Carlos select 1984 on Seleccionar anio de nacimiento, Carlos clicks on Dar click boton Next location], Carlos registrar direccion [Carlos enters 'Medellin' into Ingresar ciudad, Carlos types 'ARROW_DOWN' in Ingresar ciudad, Carlos types 'ENTER' in Ingresar ciudad, Carlos enters '055413' into Ingresar codigo postal, Carlos clicks on Dar Click contenedor pais, Carlos enters 'Colombia' into Seleccionar pais, Carlos types 'ENTER' in Seleccionar pais, Carlos clicks on Dar click en el boton siguiente], Carlos registrar dispositivos [Carlos clicks on Dar Click en seleccionar Dispositivo movil, Carlos enters 'Xiaomi' then hits ARROW_DOWN and ENTER into Ingresar dispositivo movil]], Entonces el verifica que el registro de la cuenta sea exitoso]
[Test worker] INFO net.thucydides.core.steps.ConsoleLoggingListener - 
        __    _____ _____ ____ _____   ____   _    ____  ____  _____ ____  
  _     \ \  |_   _| ____/ ___|_   _| |  _ \ / \  / ___|/ ___|| ____|  _ \ 
 (_)_____| |   | | |  _| \___ \ | |   | |_) / _ \ \___ \\___ \|  _| | | | |
  _|_____| |   | | | |___ ___) || |   |  __/ ___ \ ___) |___) | |___| |_| |
 (_)     | |   |_| |_____|____/ |_|   |_| /_/   \_\____/|____/|_____|____/ 
        /_/                                                                

TEST PASSED: Resgistro exitoso cuenta pagina utest
----------------------------------------------------------------------------
]]></system-err>
</testsuite>
