<?xml version="1.0" encoding="UTF-8"?>
<testsuite name="Automatizacion pagina web Banismo" tests="1" skipped="0" failures="0" errors="0" timestamp="2022-09-20T04:11:11" hostname="LAPTOP-NEN7UAR7" time="78.215">
  <properties/>
  <testcase name="Descarga exitosa boletin Generacion sostenible edicion # 9" classname="Automatizacion pagina web Banismo" time="78.215"/>
  <system-out><![CDATA[]]></system-out>
  <system-err><![CDATA[[Test worker] WARN net.thucydides.core.steps.BaseStepListener - stepStarted: net.thucydides.core.steps.ExecutedStepDescription@40bdb5e2
[Test worker] WARN net.thucydides.core.steps.BaseStepListener - stepStarted: net.thucydides.core.steps.ExecutedStepDescription@561dcb61
[Test worker] WARN net.thucydides.core.steps.BaseStepListener - stepStarted: net.thucydides.core.steps.ExecutedStepDescription@c58053d
Sep 19, 2022 11:11:12 PM org.openqa.selenium.remote.DesiredCapabilities chrome
INFO: Using `new ChromeOptions()` is preferred to `DesiredCapabilities.chrome()`
[Test worker] INFO net.serenitybdd.core.webdriver.driverproviders.ProvideNewDriver - Instantiating driver
[Test worker] INFO net.serenitybdd.core.webdriver.driverproviders.ProvideNewDriver - Driver capabilities: Capabilities {acceptInsecureCerts: false, browserName: chrome, chrome.switches: --start-maximized, goog:chromeOptions: {args: [--start-maximized], extensions: []}, loggingPrefs: org.openqa.selenium.logging..., platform: ANY, version: }
Starting ChromeDriver 105.0.5195.52 (412c95e518836d8a7d97250d62b29c2ae6a26a85-refs/branch-heads/5195@{#853}) on port 28783
Only local connections are allowed.
Please see https://chromedriver.chromium.org/security-considerations for suggestions on keeping ChromeDriver safe.
ChromeDriver was started successfully.
Sep 19, 2022 11:11:14 PM org.openqa.selenium.remote.ProtocolHandshake createSession
INFO: Detected dialect: W3C
[Test worker] WARN net.thucydides.core.steps.BaseStepListener - stepFinished: current outcome:Descarga exitosa boletin Generacion sostenible edicion # 9:Given Deseo ingresar a la pagina web de Banismo y selecciono el menu Acerca de nosotros [Carlos abrir pagina banismo [Carlos opens the Pagina inicial banismo]]
[Test worker] WARN net.thucydides.core.steps.BaseStepListener - stepStarted: net.thucydides.core.steps.ExecutedStepDescription@2524f54a
[Test worker] WARN net.thucydides.core.steps.BaseStepListener - stepFinished: current outcome:Descarga exitosa boletin Generacion sostenible edicion # 9:Given Deseo ingresar a la pagina web de Banismo y selecciono el menu Acerca de nosotros [Carlos abrir pagina banismo [Carlos opens the Pagina inicial banismo, Carlos clicks on Click en menu Acerca de nosotros]]
[Test worker] WARN net.thucydides.core.steps.BaseStepListener - stepFinished: current outcome:Descarga exitosa boletin Generacion sostenible edicion # 9:Given Deseo ingresar a la pagina web de Banismo y selecciono el menu Acerca de nosotros [Carlos abrir pagina banismo [Carlos opens the Pagina inicial banismo, Carlos clicks on Click en menu Acerca de nosotros]]
[Test worker] WARN net.thucydides.core.steps.BaseStepListener - stepFinished: current outcome:Descarga exitosa boletin Generacion sostenible edicion # 9:Given Deseo ingresar a la pagina web de Banismo y selecciono el menu Acerca de nosotros [Carlos abrir pagina banismo [Carlos opens the Pagina inicial banismo, Carlos clicks on Click en menu Acerca de nosotros]]
[Test worker] WARN net.thucydides.core.steps.BaseStepListener - stepStarted: net.thucydides.core.steps.ExecutedStepDescription@1cca32c
[Test worker] WARN net.thucydides.core.steps.BaseStepListener - stepStarted: net.thucydides.core.steps.ExecutedStepDescription@44a1ada7
[Test worker] WARN net.thucydides.core.steps.BaseStepListener - stepStarted: net.thucydides.core.steps.ExecutedStepDescription@cd73f02
[Test worker] WARN net.thucydides.core.steps.BaseStepListener - stepFinished: current outcome:Descarga exitosa boletin Generacion sostenible edicion # 9:Given Deseo ingresar a la pagina web de Banismo y selecciono el menu Acerca de nosotros [Carlos abrir pagina banismo [Carlos opens the Pagina inicial banismo, Carlos clicks on Click en menu Acerca de nosotros]], When selecciono la opcion Informacion Corporativa doy click en la opcion Sostenibilidad [Carlos seleccionar menu informacion corporativa [Carlos clicks on Click en menu Informacion Corporativa]]
[Test worker] WARN net.thucydides.core.steps.BaseStepListener - stepFinished: current outcome:Descarga exitosa boletin Generacion sostenible edicion # 9:Given Deseo ingresar a la pagina web de Banismo y selecciono el menu Acerca de nosotros [Carlos abrir pagina banismo [Carlos opens the Pagina inicial banismo, Carlos clicks on Click en menu Acerca de nosotros]], When selecciono la opcion Informacion Corporativa doy click en la opcion Sostenibilidad [Carlos seleccionar menu informacion corporativa [Carlos clicks on Click en menu Informacion Corporativa]]
[Test worker] WARN net.thucydides.core.steps.BaseStepListener - stepStarted: net.thucydides.core.steps.ExecutedStepDescription@253ccbc0
[Test worker] WARN net.thucydides.core.steps.BaseStepListener - stepStarted: net.thucydides.core.steps.ExecutedStepDescription@62e6b609
[Test worker] WARN net.thucydides.core.steps.BaseStepListener - stepFinished: current outcome:Descarga exitosa boletin Generacion sostenible edicion # 9:Given Deseo ingresar a la pagina web de Banismo y selecciono el menu Acerca de nosotros [Carlos abrir pagina banismo [Carlos opens the Pagina inicial banismo, Carlos clicks on Click en menu Acerca de nosotros]], When selecciono la opcion Informacion Corporativa doy click en la opcion Sostenibilidad [Carlos seleccionar menu informacion corporativa [Carlos clicks on Click en menu Informacion Corporativa], Carlos seleccionar lista sostenibilidad [Carlos clicks on Dar Click en  la opcion Sostenibilidad]]
[Test worker] WARN net.thucydides.core.steps.BaseStepListener - stepFinished: current outcome:Descarga exitosa boletin Generacion sostenible edicion # 9:Given Deseo ingresar a la pagina web de Banismo y selecciono el menu Acerca de nosotros [Carlos abrir pagina banismo [Carlos opens the Pagina inicial banismo, Carlos clicks on Click en menu Acerca de nosotros]], When selecciono la opcion Informacion Corporativa doy click en la opcion Sostenibilidad [Carlos seleccionar menu informacion corporativa [Carlos clicks on Click en menu Informacion Corporativa], Carlos seleccionar lista sostenibilidad [Carlos clicks on Dar Click en  la opcion Sostenibilidad]]
[Test worker] WARN net.thucydides.core.steps.BaseStepListener - stepFinished: current outcome:Descarga exitosa boletin Generacion sostenible edicion # 9:Given Deseo ingresar a la pagina web de Banismo y selecciono el menu Acerca de nosotros [Carlos abrir pagina banismo [Carlos opens the Pagina inicial banismo, Carlos clicks on Click en menu Acerca de nosotros]], When selecciono la opcion Informacion Corporativa doy click en la opcion Sostenibilidad [Carlos seleccionar menu informacion corporativa [Carlos clicks on Click en menu Informacion Corporativa], Carlos seleccionar lista sostenibilidad [Carlos clicks on Dar Click en  la opcion Sostenibilidad]]
[Test worker] WARN net.thucydides.core.steps.BaseStepListener - stepStarted: net.thucydides.core.steps.ExecutedStepDescription@8920250
[Test worker] WARN net.thucydides.core.steps.BaseStepListener - stepFinished: current outcome:Descarga exitosa boletin Generacion sostenible edicion # 9:Given Deseo ingresar a la pagina web de Banismo y selecciono el menu Acerca de nosotros [Carlos abrir pagina banismo [Carlos opens the Pagina inicial banismo, Carlos clicks on Click en menu Acerca de nosotros]], When selecciono la opcion Informacion Corporativa doy click en la opcion Sostenibilidad [Carlos seleccionar menu informacion corporativa [Carlos clicks on Click en menu Informacion Corporativa], Carlos seleccionar lista sostenibilidad [Carlos clicks on Dar Click en  la opcion Sostenibilidad]], When selecciono de la lista la opcion Generacion sostenible, descargo la edicion 9 del boletin en formato pdf
[Test worker] WARN net.thucydides.core.steps.BaseStepListener - stepStarted: net.thucydides.core.steps.ExecutedStepDescription@4446f491
[Test worker] WARN net.thucydides.core.steps.BaseStepListener - stepFinished: current outcome:Descarga exitosa boletin Generacion sostenible edicion # 9:Given Deseo ingresar a la pagina web de Banismo y selecciono el menu Acerca de nosotros [Carlos abrir pagina banismo [Carlos opens the Pagina inicial banismo, Carlos clicks on Click en menu Acerca de nosotros]], When selecciono la opcion Informacion Corporativa doy click en la opcion Sostenibilidad [Carlos seleccionar menu informacion corporativa [Carlos clicks on Click en menu Informacion Corporativa], Carlos seleccionar lista sostenibilidad [Carlos clicks on Dar Click en  la opcion Sostenibilidad]], When selecciono de la lista la opcion Generacion sostenible, descargo la edicion 9 del boletin en formato pdf, Then verifico que el PDF generado sea el correcto.
[Test worker] WARN net.thucydides.core.steps.BaseStepListener - testFinished: Descarga exitosa boletin Generacion sostenible edicion # 9:Given Deseo ingresar a la pagina web de Banismo y selecciono el menu Acerca de nosotros [Carlos abrir pagina banismo [Carlos opens the Pagina inicial banismo, Carlos clicks on Click en menu Acerca de nosotros]], When selecciono la opcion Informacion Corporativa doy click en la opcion Sostenibilidad [Carlos seleccionar menu informacion corporativa [Carlos clicks on Click en menu Informacion Corporativa], Carlos seleccionar lista sostenibilidad [Carlos clicks on Dar Click en  la opcion Sostenibilidad]], When selecciono de la lista la opcion Generacion sostenible, descargo la edicion 9 del boletin en formato pdf, Then verifico que el PDF generado sea el correcto.
[Test worker] WARN net.thucydides.core.steps.BaseStepListener - TestOutcomes: [Descarga exitosa boletin Generacion sostenible edicion # 9:Given Deseo ingresar a la pagina web de Banismo y selecciono el menu Acerca de nosotros [Carlos abrir pagina banismo [Carlos opens the Pagina inicial banismo, Carlos clicks on Click en menu Acerca de nosotros]], When selecciono la opcion Informacion Corporativa doy click en la opcion Sostenibilidad [Carlos seleccionar menu informacion corporativa [Carlos clicks on Click en menu Informacion Corporativa], Carlos seleccionar lista sostenibilidad [Carlos clicks on Dar Click en  la opcion Sostenibilidad]], When selecciono de la lista la opcion Generacion sostenible, descargo la edicion 9 del boletin en formato pdf, Then verifico que el PDF generado sea el correcto.]
[Test worker] WARN net.thucydides.core.steps.BaseStepListener - Final testOutcomes: [Descarga exitosa boletin Generacion sostenible edicion # 9:Given Deseo ingresar a la pagina web de Banismo y selecciono el menu Acerca de nosotros [Carlos abrir pagina banismo [Carlos opens the Pagina inicial banismo, Carlos clicks on Click en menu Acerca de nosotros]], When selecciono la opcion Informacion Corporativa doy click en la opcion Sostenibilidad [Carlos seleccionar menu informacion corporativa [Carlos clicks on Click en menu Informacion Corporativa], Carlos seleccionar lista sostenibilidad [Carlos clicks on Dar Click en  la opcion Sostenibilidad]], When selecciono de la lista la opcion Generacion sostenible, descargo la edicion 9 del boletin en formato pdf, Then verifico que el PDF generado sea el correcto.]
[Test worker] INFO net.thucydides.core.steps.ConsoleLoggingListener - 
        __    _____ _____ ____ _____   ____   _    ____  ____  _____ ____  
  _     \ \  |_   _| ____/ ___|_   _| |  _ \ / \  / ___|/ ___|| ____|  _ \ 
 (_)_____| |   | | |  _| \___ \ | |   | |_) / _ \ \___ \\___ \|  _| | | | |
  _|_____| |   | | | |___ ___) || |   |  __/ ___ \ ___) |___) | |___| |_| |
 (_)     | |   |_| |_____|____/ |_|   |_| /_/   \_\____/|____/|_____|____/ 
        /_/                                                                

TEST PASSED: Descarga exitosa boletin Generacion sostenible edicion # 9
----------------------------------------------------------------------------
]]></system-err>
</testsuite>
