<?xml version="1.0" encoding="UTF-8"?>
<testsuite name="co.com.proyectobase.screenplay.runners.RetoBanismo" tests="0" skipped="0" failures="0" errors="0" timestamp="1970-01-01T00:00:00" hostname="LAPTOP-NEN7UAR7" time="0.0">
  <properties/>
  <system-out><![CDATA[REGISTER BASE STEP LISTENER net.thucydides.core.steps.BaseStepListener@29881ea

1 Scenarios (?[33m1 undefined?[0m)
5 Steps (?[33m5 undefined?[0m)
0m0.334s


You can implement missing steps with the snippets below:

@Given("^Deseo ingresar a la pagina web de Banismo$")
public void deseoIngresarALaPaginaWebDeBanismo() {
    // Write code here that turns the phrase above into concrete actions
    throw new PendingException();
}


@When("^ingreso al menu Acerca de nosotros$")
public void ingresoAlMenuAcercaDeNosotros() {
    // Write code here that turns the phrase above into concrete actions
    throw new PendingException();
}

@When("^selecciono la opcion Informacion Corporativa doy click en la opcion Sostenibilidad$")
public void seleccionoLaOpcionInformacionCorporativaDoyClickEnLaOpcionSostenibilidad() {
    // Write code here that turns the phrase above into concrete actions
    throw new PendingException();
}

@When("^selecciono de la lista la opcion Generacion sostenible, descargo la edicion # (\\d+) del boletin en formato pdf$")
public void seleccionoDeLaListaLaOpcionGeneracionSostenibleDescargoLaEdicionDelBoletinEnFormatoPdf(int arg1) {
    // Write code here that turns the phrase above into concrete actions
    throw new PendingException();
}

@Then("^verifico que el PDF generado sea el correcto\\.$")
public void verificoQueElPDFGeneradoSeaElCorrecto() {
    // Write code here that turns the phrase above into concrete actions
    throw new PendingException();
}

]]></system-out>
  <system-err><![CDATA[[Test worker] INFO net.thucydides.core.steps.ConsoleLoggingListener - 

-------------------------------------------------------------------------------------
     _______. _______ .______       _______ .__   __.  __  .___________.____    ____ 
    /       ||   ____||   _  \     |   ____||  \ |  | |  | |           |\   \  /   / 
   |   (----`|  |__   |  |_)  |    |  |__   |   \|  | |  | `---|  |----` \   \/   /  
    \   \    |   __|  |      /     |   __|  |  . `  | |  |     |  |       \_    _/   
.----)   |   |  |____ |  |\  \----.|  |____ |  |\   | |  |     |  |         |  |     
|_______/    |_______|| _| `._____||_______||__| \__| |__|     |__|         |__|    
                                                                                     
 News and tutorials at http://www.serenity-bdd.info                                  
 Documentation at https://wakaleo.gitbooks.io/the-serenity-book/content/             
 Join the Serenity Community on Rocket Chat at https://serenity-bdd.rocket.chat      
 Serenity BDD Support and Training at http://serenity-bdd.info/#/trainingandsupport  
 Learn Serenity BDD online at http://serenity-dojo.com                               
-------------------------------------------------------------------------------------

[Test worker] INFO net.thucydides.core.steps.ConsoleLoggingListener - Test Suite Started: Automatizacion pagina web Banismo
[Test worker] WARN net.thucydides.core.steps.BaseStepListener - testStarted: Descarga exitosa boletin Generacion sostenible edicion # 9/automatizacion-pagina-web-banismo;descarga-exitosa-boletin-generacion-sostenible-edicion-#-9
[Test worker] INFO net.thucydides.core.steps.ConsoleLoggingListener - 
 _____ _____ ____ _____   ____ _____  _    ____ _____ _____ ____  
|_   _| ____/ ___|_   _| / ___|_   _|/ \  |  _ \_   _| ____|  _ \ 
  | | |  _| \___ \ | |   \___ \ | | / _ \ | |_) || | |  _| | | | |
  | | | |___ ___) || |    ___) || |/ ___ \|  _ < | | | |___| |_| |
  |_| |_____|____/ |_|   |____/ |_/_/   \_\_| \_\|_| |_____|____/ 
                                                                  

TEST STARTED: Descarga exitosa boletin Generacion sostenible edicion # 9
-------------------------------------------------------------------(automatizacion-pagina-web-banismo;descarga-exitosa-boletin-generacion-sostenible-edicion-#-9)
[pool-2-thread-1] INFO net.thucydides.core.requirements.PackageRequirementsTagProvider - Loading requirements from package requirements at: net.thucydides.showcase.cucumber.junit
]]></system-err>
</testsuite>
