<?xml version="1.0" encoding="UTF-8"?>
<testsuite name="Automatizacion pagina web Banismo" tests="1" skipped="1" failures="0" errors="0" timestamp="2022-09-20T02:35:59" hostname="LAPTOP-NEN7UAR7" time="0.031">
  <properties/>
  <testcase name="Descarga exitosa boletin Generacion sostenible edicion # 9" classname="Automatizacion pagina web Banismo" time="0.031">
    <skipped/>
  </testcase>
  <system-out><![CDATA[]]></system-out>
  <system-err><![CDATA[[Test worker] WARN net.thucydides.core.steps.BaseStepListener - stepStarted: net.thucydides.core.steps.ExecutedStepDescription@36b38d24
[Test worker] INFO net.thucydides.core.steps.ConsoleLoggingListener - TEST PENDING
[Test worker] WARN net.thucydides.core.steps.BaseStepListener - stepStarted: net.thucydides.core.steps.ExecutedStepDescription@44ba7428
[Test worker] WARN net.thucydides.core.steps.BaseStepListener - stepStarted: net.thucydides.core.steps.ExecutedStepDescription@e0e1c24
[Test worker] WARN net.thucydides.core.steps.BaseStepListener - stepStarted: net.thucydides.core.steps.ExecutedStepDescription@78ec793b
[Test worker] WARN net.thucydides.core.steps.BaseStepListener - stepStarted: net.thucydides.core.steps.ExecutedStepDescription@6e01ef69
[Test worker] WARN net.thucydides.core.steps.BaseStepListener - testFinished: Descarga exitosa boletin Generacion sostenible edicion # 9:Given Deseo ingresar a la pagina web de Banismo, When ingreso al menu Acerca de nosotros, And selecciono la opcion Informacion Corporativa doy click en la opcion Sostenibilidad, When selecciono de la lista la opcion Generacion sostenible, descargo la edicion # 9 del boletin en formato pdf, Then verifico que el PDF generado sea el correcto.
[Test worker] WARN net.thucydides.core.steps.BaseStepListener - TestOutcomes: [Descarga exitosa boletin Generacion sostenible edicion # 9:Given Deseo ingresar a la pagina web de Banismo, When ingreso al menu Acerca de nosotros, And selecciono la opcion Informacion Corporativa doy click en la opcion Sostenibilidad, When selecciono de la lista la opcion Generacion sostenible, descargo la edicion # 9 del boletin en formato pdf, Then verifico que el PDF generado sea el correcto.]
[Test worker] WARN net.thucydides.core.steps.BaseStepListener - Final testOutcomes: [Descarga exitosa boletin Generacion sostenible edicion # 9:Given Deseo ingresar a la pagina web de Banismo, When ingreso al menu Acerca de nosotros, And selecciono la opcion Informacion Corporativa doy click en la opcion Sostenibilidad, When selecciono de la lista la opcion Generacion sostenible, descargo la edicion # 9 del boletin en formato pdf, Then verifico que el PDF generado sea el correcto.]
[Test worker] INFO net.thucydides.core.steps.ConsoleLoggingListener - 
          __  _____ _____ ____ _____   ____  _____ _   _ ____ ___ _   _  ____ 
 _       / / |_   _| ____/ ___|_   _| |  _ \| ____| \ | |  _ \_ _| \ | |/ ___|
(_)____ / /    | | |  _| \___ \ | |   | |_) |  _| |  \| | | | | ||  \| | |  _ 
 |_____/ /     | | | |___ ___) || |   |  __/| |___| |\  | |_| | || |\  | |_| |
(_)   /_/      |_| |_____|____/ |_|   |_|   |_____|_| \_|____/___|_| \_|\____|
                                                                                

TEST PENDING: Descarga exitosa boletin Generacion sostenible edicion # 9
---------------------------------------------------------------------------------
]]></system-err>
</testsuite>
